<?xml version="1.0" encoding="UTF-8"?>
<testsuite name="com.game.engine.PassThroughMovementTest" tests="3" skipped="0" failures="0" errors="0" timestamp="2026-05-05T23:08:04.931Z" hostname="ESGUK-LAP416" time="0.057">
  <properties/>
  <testcase name="pathThroughTwoAdjacentFriendliesLeavesBothOnMapAndMoverAtGoal()" classname="com.game.engine.PassThroughMovementTest" time="0.053"/>
  <testcase name="rewindAfterOnePassThroughStepRestoresAllyUnderfoot()" classname="com.game.engine.PassThroughMovementTest" time="0.002"/>
  <testcase name="moveAlongPathInterruptedByCloakedEnemyRewindsPassThroughAndLeavesAlliesVisible()" classname="com.game.engine.PassThroughMovementTest" time="0.0"/>
  <system-out><![CDATA[]]></system-out>
  <system-err><![CDATA[]]></system-err>
</testsuite>
